2022-08-21 19:02:20,666 INFO o.a.j.u.JMeterUtils: Setting Locale to en_EN
2022-08-21 19:02:20,699 INFO o.a.j.JMeter: Loading user properties from: /Users/ashishbhatia/Downloads/apache-jmeter-5.5/bin/user.properties
2022-08-21 19:02:20,701 INFO o.a.j.JMeter: Loading system properties from: /Users/ashishbhatia/Downloads/apache-jmeter-5.5/bin/system.properties
2022-08-21 19:02:20,702 INFO o.a.j.JMeter: Setting JMeter property: threads=1
2022-08-21 19:02:20,702 INFO o.a.j.JMeter: Setting JMeter property: delay=2
2022-08-21 19:02:20,702 INFO o.a.j.JMeter: Setting JMeter property: startup=2
2022-08-21 19:02:20,702 INFO o.a.j.JMeter: Setting JMeter property: load=10
2022-08-21 19:02:20,702 INFO o.a.j.JMeter: Setting JMeter property: shutdown=2
2022-08-21 19:02:20,702 INFO o.a.j.JMeter: Setting JMeter property: filepath=one_candidate.csv
2022-08-21 19:02:20,702 INFO o.a.j.JMeter: Setting JMeter property: jmeter.save.saveservice.output_format=xml
2022-08-21 19:02:20,715 INFO o.a.j.JMeter: Copyright (c) 1998-2022 The Apache Software Foundation
2022-08-21 19:02:20,716 INFO o.a.j.JMeter: Version 5.5
2022-08-21 19:02:20,716 INFO o.a.j.JMeter: java.version=11.0.15
2022-08-21 19:02:20,716 INFO o.a.j.JMeter: java.vm.name=Java HotSpot(TM) 64-Bit Server VM
2022-08-21 19:02:20,716 INFO o.a.j.JMeter: os.name=Mac OS X
2022-08-21 19:02:20,716 INFO o.a.j.JMeter: os.arch=x86_64
2022-08-21 19:02:20,716 INFO o.a.j.JMeter: os.version=12.5
2022-08-21 19:02:20,716 INFO o.a.j.JMeter: file.encoding=UTF-8
2022-08-21 19:02:20,716 INFO o.a.j.JMeter: java.awt.headless=true
2022-08-21 19:02:20,716 INFO o.a.j.JMeter: Max memory     =1073741824
2022-08-21 19:02:20,717 INFO o.a.j.JMeter: Available Processors =8
2022-08-21 19:02:20,724 INFO o.a.j.JMeter: Default Locale=English (EN)
2022-08-21 19:02:20,725 INFO o.a.j.JMeter: JMeter  Locale=English (EN)
2022-08-21 19:02:20,725 INFO o.a.j.JMeter: JMeterHome=/Users/ashishbhatia/Downloads/apache-jmeter-5.5
2022-08-21 19:02:20,725 INFO o.a.j.JMeter: user.dir  =/Users/ashishbhatia/Downloads/performance-test-repo
2022-08-21 19:02:20,725 INFO o.a.j.JMeter: PWD       =/Users/ashishbhatia/Downloads/performance-test-repo
2022-08-21 19:02:20,733 INFO o.a.j.JMeter: IP: 192.168.1.3 Name: 192.168.1.3 FullName: 192.168.1.3
2022-08-21 19:02:20,753 INFO o.a.j.s.FileServer: Default base='/Users/ashishbhatia/Downloads/performance-test-repo'
2022-08-21 19:02:20,755 INFO o.a.j.s.FileServer: Set new base='/Users/ashishbhatia/Downloads/performance-test-repo'
2022-08-21 19:02:21,076 INFO o.a.j.s.SaveService: Testplan (JMX) version: 2.2. Testlog (JTL) version: 2.2
2022-08-21 19:02:21,327 INFO o.a.j.s.SaveService: Using SaveService properties version 5.0
2022-08-21 19:02:21,331 INFO o.a.j.s.SaveService: Using SaveService properties file encoding UTF-8
2022-08-21 19:02:21,335 INFO o.a.j.s.SaveService: Loading file: candidate_endpoints_publicapi.jmx
2022-08-21 19:02:21,414 INFO o.a.j.p.h.s.HTTPSamplerBase: Parser for text/html is org.apache.jmeter.protocol.http.parser.LagartoBasedHtmlParser
2022-08-21 19:02:21,414 INFO o.a.j.p.h.s.HTTPSamplerBase: Parser for application/xhtml+xml is org.apache.jmeter.protocol.http.parser.LagartoBasedHtmlParser
2022-08-21 19:02:21,414 INFO o.a.j.p.h.s.HTTPSamplerBase: Parser for application/xml is org.apache.jmeter.protocol.http.parser.LagartoBasedHtmlParser
2022-08-21 19:02:21,414 INFO o.a.j.p.h.s.HTTPSamplerBase: Parser for text/xml is org.apache.jmeter.protocol.http.parser.LagartoBasedHtmlParser
2022-08-21 19:02:21,415 INFO o.a.j.p.h.s.HTTPSamplerBase: Parser for text/vnd.wap.wml is org.apache.jmeter.protocol.http.parser.RegexpHTMLParser
2022-08-21 19:02:21,415 INFO o.a.j.p.h.s.HTTPSamplerBase: Parser for text/css is org.apache.jmeter.protocol.http.parser.CssParser
2022-08-21 19:02:21,529 INFO o.a.j.JMeter: Creating summariser <summary>
2022-08-21 19:02:21,554 INFO o.a.j.e.StandardJMeterEngine: Running the test!
2022-08-21 19:02:21,556 INFO o.a.j.s.SampleEvent: List of sample_variables: []
2022-08-21 19:02:21,556 INFO o.a.j.s.SampleEvent: List of sample_variables: []
2022-08-21 19:02:21,587 INFO o.a.j.e.u.CompoundVariable: Note: Function class names must contain the string: '.functions.'
2022-08-21 19:02:21,587 INFO o.a.j.e.u.CompoundVariable: Note: Function class names must not contain the string: '.gui.'
2022-08-21 19:02:22,041 INFO o.a.j.JMeter: Running test (1661088742040)
2022-08-21 19:02:22,073 INFO o.a.j.e.StandardJMeterEngine: Starting ThreadGroup: 1 : jp@gc - Ultimate Thread Group
2022-08-21 19:02:22,075 INFO o.a.j.e.StandardJMeterEngine: Starting 1 threads for group jp@gc - Ultimate Thread Group.
2022-08-21 19:02:22,075 INFO o.a.j.e.StandardJMeterEngine: Thread will continue on error
2022-08-21 19:02:22,076 INFO k.a.j.t.AbstractSimpleThreadGroup: Starting thread group number 1 threads 1
2022-08-21 19:02:22,104 INFO k.a.j.t.AbstractSimpleThreadGroup: Started thread group number 1
2022-08-21 19:02:22,107 INFO o.a.j.e.StandardJMeterEngine: All thread groups have been started
2022-08-21 19:02:26,082 INFO o.a.j.t.JMeterThread: Thread started: jp@gc - Ultimate Thread Group 1-1
2022-08-21 19:02:26,092 INFO o.a.j.s.FileServer: Stored: one_candidate.csv
2022-08-21 19:02:26,155 INFO o.a.j.p.h.s.HTTPHCAbstractImpl: Local host = 192.168.1.3
2022-08-21 19:02:26,171 INFO o.a.j.p.h.s.HTTPHC4Impl: HTTP request retry count = 0
2022-08-21 19:02:26,174 INFO o.a.j.s.SampleResult: Note: Sample TimeStamps are START times
2022-08-21 19:02:26,174 INFO o.a.j.s.SampleResult: sampleresult.default.encoding is set to ISO-8859-1
2022-08-21 19:02:26,174 INFO o.a.j.s.SampleResult: sampleresult.useNanoTime=true
2022-08-21 19:02:26,175 INFO o.a.j.s.SampleResult: sampleresult.nanoThreadSleep=5000
2022-08-21 19:02:26,307 INFO o.a.j.p.h.s.h.LazyLayeredConnectionSocketFactory: Setting up HTTPS TrustAll Socket Factory
2022-08-21 19:02:26,315 INFO o.a.j.u.JsseSSLManager: Using default SSL protocol: TLS
2022-08-21 19:02:26,315 INFO o.a.j.u.JsseSSLManager: SSL session context: per-thread
2022-08-21 19:02:26,574 INFO o.a.j.u.SSLManager: JmeterKeyStore Location:  type JKS
2022-08-21 19:02:26,578 INFO o.a.j.u.SSLManager: KeyStore created OK
2022-08-21 19:02:26,578 WARN o.a.j.u.SSLManager: Keystore file not found, loading empty keystore
2022-08-21 19:02:30,936 INFO o.a.j.r.Summariser: summary +      3 in 00:00:09 =    0.3/s Avg:  1522 Min:  1236 Max:  1990 Err:     0 (0.00%) Active: 1 Started: 1 Finished: 0
2022-08-21 19:02:38,953 INFO o.a.j.t.JMeterThread: Stopping because end time detected by thread: jp@gc - Ultimate Thread Group 1-1
2022-08-21 19:02:38,954 INFO o.a.j.t.JMeterThread: Thread finished: jp@gc - Ultimate Thread Group 1-1
2022-08-21 19:02:38,959 INFO o.a.j.e.StandardJMeterEngine: Notifying test listeners of end of test
2022-08-21 19:02:38,959 INFO o.a.j.s.FileServer: Close: one_candidate.csv
2022-08-21 19:02:38,963 INFO o.a.j.r.Summariser: summary +      6 in 00:00:08 =    0.7/s Avg:  1327 Min:  1151 Max:  1620 Err:     0 (0.00%) Active: 0 Started: 1 Finished: 1
2022-08-21 19:02:38,963 INFO o.a.j.r.Summariser: summary =      9 in 00:00:17 =    0.5/s Avg:  1392 Min:  1151 Max:  1990 Err:     0 (0.00%)
